[Wed Nov 02 19:55:39 MDT 2022] - INFO passoff.ServerTest: 	Setting up Persistence Test...
[Wed Nov 02 19:55:40 MDT 2022] - INFO client.Proxy: 	Clear called
[Wed Nov 02 19:55:40 MDT 2022] - INFO client.Client: 	Post without Request Body called
[Wed Nov 02 19:55:40 MDT 2022] - INFO client.Client: 	Attempting to open connection to server
[Wed Nov 02 19:55:40 MDT 2022] - INFO client.Client: 	Connection opened to server
[Wed Nov 02 19:55:40 MDT 2022] - INFO client.Client: 	Setting passoffrequest method to POST
[Wed Nov 02 19:55:40 MDT 2022] - INFO client.Client: 	Request method set to POST
[Wed Nov 02 19:55:40 MDT 2022] - INFO client.Client: 	Setting Do Output to true
[Wed Nov 02 19:55:40 MDT 2022] - INFO client.Client: 	Do Output set to true
[Wed Nov 02 19:55:40 MDT 2022] - INFO client.Client: 	Connecting to server
[Wed Nov 02 19:55:40 MDT 2022] - INFO client.Client: 	Connected to server
[Wed Nov 02 19:55:40 MDT 2022] - INFO client.Client: 	Getting response code from server
[Wed Nov 02 19:55:40 MDT 2022] - INFO client.Client: 	Response code 200 returned
[Wed Nov 02 19:55:40 MDT 2022] - INFO client.Client: 	Getting input stream from server
[Wed Nov 02 19:55:40 MDT 2022] - INFO client.Client: 	Reading input stream into a string
[Wed Nov 02 19:55:40 MDT 2022] - INFO passoff.ServerTest: 	Running Persistence Test...
[Wed Nov 02 19:55:40 MDT 2022] - INFO client.Proxy: 	Load called
[Wed Nov 02 19:55:40 MDT 2022] - INFO client.Client: 	Post with Request Body called
[Wed Nov 02 19:55:40 MDT 2022] - INFO client.Client: 	Attempting to open connection to server
[Wed Nov 02 19:55:40 MDT 2022] - INFO client.Client: 	Connection opened to server
[Wed Nov 02 19:55:40 MDT 2022] - INFO client.Client: 	Setting passoffrequest method to POST
[Wed Nov 02 19:55:40 MDT 2022] - INFO client.Client: 	Request method set to POST
[Wed Nov 02 19:55:40 MDT 2022] - INFO client.Client: 	Setting Do Output to true
[Wed Nov 02 19:55:40 MDT 2022] - INFO client.Client: 	Do Output set to true
[Wed Nov 02 19:55:40 MDT 2022] - INFO client.Client: 	Connecting to server
[Wed Nov 02 19:55:40 MDT 2022] - INFO client.Client: 	Connected to server
[Wed Nov 02 19:55:40 MDT 2022] - INFO client.Client: 	Opening output stream to server
[Wed Nov 02 19:55:40 MDT 2022] - INFO client.Client: 	Writing passoffrequest to server output stream
[Wed Nov 02 19:55:40 MDT 2022] - INFO client.Client: 	Request written to server output stream
[Wed Nov 02 19:55:40 MDT 2022] - INFO client.Client: 	Closing output stream to server
[Wed Nov 02 19:55:40 MDT 2022] - INFO client.Client: 	Output stream to server closed
[Wed Nov 02 19:55:40 MDT 2022] - INFO client.Client: 	Getting response code from server
[Wed Nov 02 19:55:40 MDT 2022] - INFO client.Client: 	Response code 200 returned
[Wed Nov 02 19:55:40 MDT 2022] - INFO client.Client: 	Getting input stream from server
[Wed Nov 02 19:55:40 MDT 2022] - INFO client.Client: 	Reading input stream into a string
[Wed Nov 02 19:56:01 MDT 2022] - INFO client.Proxy: 	Login called
[Wed Nov 02 19:56:01 MDT 2022] - INFO client.Client: 	Post with Request Body called
[Wed Nov 02 19:56:01 MDT 2022] - INFO client.Client: 	Attempting to open connection to server
[Wed Nov 02 19:56:01 MDT 2022] - INFO client.Client: 	Connection opened to server
[Wed Nov 02 19:56:01 MDT 2022] - INFO client.Client: 	Setting passoffrequest method to POST
[Wed Nov 02 19:56:01 MDT 2022] - INFO client.Client: 	Request method set to POST
[Wed Nov 02 19:56:01 MDT 2022] - INFO client.Client: 	Setting Do Output to true
[Wed Nov 02 19:56:01 MDT 2022] - INFO client.Client: 	Do Output set to true
[Wed Nov 02 19:56:01 MDT 2022] - INFO client.Client: 	Connecting to server
[Wed Nov 02 19:56:01 MDT 2022] - INFO client.Client: 	Connected to server
[Wed Nov 02 19:56:01 MDT 2022] - INFO client.Client: 	Opening output stream to server
[Wed Nov 02 19:56:01 MDT 2022] - INFO client.Client: 	Writing passoffrequest to server output stream
[Wed Nov 02 19:56:01 MDT 2022] - INFO client.Client: 	Request written to server output stream
[Wed Nov 02 19:56:01 MDT 2022] - INFO client.Client: 	Closing output stream to server
[Wed Nov 02 19:56:01 MDT 2022] - INFO client.Client: 	Output stream to server closed
[Wed Nov 02 19:56:01 MDT 2022] - INFO client.Client: 	Getting response code from server
[Wed Nov 02 19:56:01 MDT 2022] - INFO client.Client: 	Response code 200 returned
[Wed Nov 02 19:56:01 MDT 2022] - INFO client.Client: 	Getting input stream from server
[Wed Nov 02 19:56:01 MDT 2022] - INFO client.Client: 	Reading input stream into a string
[Wed Nov 02 19:56:01 MDT 2022] - INFO client.Proxy: 	Events called
[Wed Nov 02 19:56:01 MDT 2022] - INFO client.Client: 	Get with Auth Token called
[Wed Nov 02 19:56:01 MDT 2022] - INFO client.Client: 	Attempting to open connection to server
[Wed Nov 02 19:56:01 MDT 2022] - INFO client.Client: 	Connection opened to server
[Wed Nov 02 19:56:01 MDT 2022] - INFO client.Client: 	Setting passoffrequest method to GET
[Wed Nov 02 19:56:01 MDT 2022] - INFO client.Client: 	Request method set to GET
[Wed Nov 02 19:56:01 MDT 2022] - INFO client.Client: 	Setting Do Output to false
[Wed Nov 02 19:56:01 MDT 2022] - INFO client.Client: 	Do Output set to false
[Wed Nov 02 19:56:01 MDT 2022] - INFO client.Client: 	Adding Auth token 166ff1c3-fda9-40e2-b1e8-b46683b2dbfa
[Wed Nov 02 19:56:01 MDT 2022] - INFO client.Client: 	Auth token set to 166ff1c3-fda9-40e2-b1e8-b46683b2dbfa
[Wed Nov 02 19:56:01 MDT 2022] - INFO client.Client: 	Connecting to server
[Wed Nov 02 19:56:01 MDT 2022] - INFO client.Client: 	Connected to server
[Wed Nov 02 19:56:01 MDT 2022] - INFO client.Client: 	Getting response code from server
[Wed Nov 02 19:56:01 MDT 2022] - INFO client.Client: 	Response code 200 returned
[Wed Nov 02 19:56:01 MDT 2022] - INFO client.Client: 	Getting input stream from server
[Wed Nov 02 19:56:01 MDT 2022] - INFO client.Client: 	Reading input stream into a string
[Wed Nov 02 19:56:01 MDT 2022] - INFO client.Proxy: 	Persons called
[Wed Nov 02 19:56:01 MDT 2022] - INFO client.Client: 	Get with Auth Token called
[Wed Nov 02 19:56:01 MDT 2022] - INFO client.Client: 	Attempting to open connection to server
[Wed Nov 02 19:56:01 MDT 2022] - INFO client.Client: 	Connection opened to server
[Wed Nov 02 19:56:01 MDT 2022] - INFO client.Client: 	Setting passoffrequest method to GET
[Wed Nov 02 19:56:01 MDT 2022] - INFO client.Client: 	Request method set to GET
[Wed Nov 02 19:56:01 MDT 2022] - INFO client.Client: 	Setting Do Output to false
[Wed Nov 02 19:56:01 MDT 2022] - INFO client.Client: 	Do Output set to false
[Wed Nov 02 19:56:01 MDT 2022] - INFO client.Client: 	Adding Auth token 166ff1c3-fda9-40e2-b1e8-b46683b2dbfa
[Wed Nov 02 19:56:01 MDT 2022] - INFO client.Client: 	Auth token set to 166ff1c3-fda9-40e2-b1e8-b46683b2dbfa
[Wed Nov 02 19:56:01 MDT 2022] - INFO client.Client: 	Connecting to server
[Wed Nov 02 19:56:01 MDT 2022] - INFO client.Client: 	Connected to server
[Wed Nov 02 19:56:01 MDT 2022] - INFO client.Client: 	Getting response code from server
[Wed Nov 02 19:56:01 MDT 2022] - INFO client.Client: 	Response code 200 returned
[Wed Nov 02 19:56:01 MDT 2022] - INFO client.Client: 	Getting input stream from server
[Wed Nov 02 19:56:01 MDT 2022] - INFO client.Client: 	Reading input stream into a string
[Wed Nov 02 19:56:01 MDT 2022] - INFO passoff.ServerTest: 	Setting up File Handler Default Test...
[Wed Nov 02 19:56:01 MDT 2022] - INFO client.Proxy: 	Clear called
[Wed Nov 02 19:56:01 MDT 2022] - INFO client.Client: 	Post without Request Body called
[Wed Nov 02 19:56:01 MDT 2022] - INFO client.Client: 	Attempting to open connection to server
[Wed Nov 02 19:56:01 MDT 2022] - INFO client.Client: 	Connection opened to server
[Wed Nov 02 19:56:01 MDT 2022] - INFO client.Client: 	Setting passoffrequest method to POST
[Wed Nov 02 19:56:01 MDT 2022] - INFO client.Client: 	Request method set to POST
[Wed Nov 02 19:56:01 MDT 2022] - INFO client.Client: 	Setting Do Output to true
[Wed Nov 02 19:56:01 MDT 2022] - INFO client.Client: 	Do Output set to true
[Wed Nov 02 19:56:01 MDT 2022] - INFO client.Client: 	Connecting to server
[Wed Nov 02 19:56:01 MDT 2022] - INFO client.Client: 	Connected to server
[Wed Nov 02 19:56:01 MDT 2022] - INFO client.Client: 	Getting response code from server
[Wed Nov 02 19:56:01 MDT 2022] - INFO client.Client: 	Response code 200 returned
[Wed Nov 02 19:56:01 MDT 2022] - INFO client.Client: 	Getting input stream from server
[Wed Nov 02 19:56:01 MDT 2022] - INFO client.Client: 	Reading input stream into a string
[Wed Nov 02 19:56:01 MDT 2022] - INFO passoff.ServerTest: 	Running File Handler Default Test...
[Wed Nov 02 19:56:01 MDT 2022] - INFO client.Proxy: 	File called
[Wed Nov 02 19:56:01 MDT 2022] - INFO client.Client: 	Get without Auth Token called
[Wed Nov 02 19:56:01 MDT 2022] - INFO client.Client: 	Attempting to open connection to server
[Wed Nov 02 19:56:01 MDT 2022] - INFO client.Client: 	Connection opened to server
[Wed Nov 02 19:56:01 MDT 2022] - INFO client.Client: 	Setting passoffrequest method to GET
[Wed Nov 02 19:56:01 MDT 2022] - INFO client.Client: 	Request method set to GET
[Wed Nov 02 19:56:01 MDT 2022] - INFO client.Client: 	Setting Do Output to false
[Wed Nov 02 19:56:01 MDT 2022] - INFO client.Client: 	Do Output set to false
[Wed Nov 02 19:56:01 MDT 2022] - INFO client.Client: 	Connecting to server
[Wed Nov 02 19:56:01 MDT 2022] - INFO client.Client: 	Connected to server
[Wed Nov 02 19:56:01 MDT 2022] - INFO client.Client: 	Getting response code from server
[Wed Nov 02 19:56:01 MDT 2022] - INFO client.Client: 	Response code 200 returned
[Wed Nov 02 19:56:01 MDT 2022] - INFO client.Client: 	Getting input stream from server
[Wed Nov 02 19:56:01 MDT 2022] - INFO client.Client: 	Reading input stream into a string
[Wed Nov 02 19:56:01 MDT 2022] - INFO passoff.ServerTest: 	Setting up Realistic Fill Death Test...
[Wed Nov 02 19:56:01 MDT 2022] - INFO client.Proxy: 	Clear called
[Wed Nov 02 19:56:01 MDT 2022] - INFO client.Client: 	Post without Request Body called
[Wed Nov 02 19:56:01 MDT 2022] - INFO client.Client: 	Attempting to open connection to server
[Wed Nov 02 19:56:01 MDT 2022] - INFO client.Client: 	Connection opened to server
[Wed Nov 02 19:56:01 MDT 2022] - INFO client.Client: 	Setting passoffrequest method to POST
[Wed Nov 02 19:56:01 MDT 2022] - INFO client.Client: 	Request method set to POST
[Wed Nov 02 19:56:01 MDT 2022] - INFO client.Client: 	Setting Do Output to true
[Wed Nov 02 19:56:01 MDT 2022] - INFO client.Client: 	Do Output set to true
[Wed Nov 02 19:56:01 MDT 2022] - INFO client.Client: 	Connecting to server
[Wed Nov 02 19:56:01 MDT 2022] - INFO client.Client: 	Connected to server
[Wed Nov 02 19:56:01 MDT 2022] - INFO client.Client: 	Getting response code from server
[Wed Nov 02 19:56:01 MDT 2022] - INFO client.Client: 	Response code 200 returned
[Wed Nov 02 19:56:01 MDT 2022] - INFO client.Client: 	Getting input stream from server
[Wed Nov 02 19:56:01 MDT 2022] - INFO client.Client: 	Reading input stream into a string
[Wed Nov 02 19:56:01 MDT 2022] - INFO passoff.ServerTest: 	Running Realistic Fill Death Test...
[Wed Nov 02 19:56:01 MDT 2022] - INFO client.Proxy: 	Register called
[Wed Nov 02 19:56:01 MDT 2022] - INFO client.Client: 	Post with Request Body called
[Wed Nov 02 19:56:01 MDT 2022] - INFO client.Client: 	Attempting to open connection to server
[Wed Nov 02 19:56:01 MDT 2022] - INFO client.Client: 	Connection opened to server
[Wed Nov 02 19:56:01 MDT 2022] - INFO client.Client: 	Setting passoffrequest method to POST
[Wed Nov 02 19:56:01 MDT 2022] - INFO client.Client: 	Request method set to POST
[Wed Nov 02 19:56:01 MDT 2022] - INFO client.Client: 	Setting Do Output to true
[Wed Nov 02 19:56:01 MDT 2022] - INFO client.Client: 	Do Output set to true
[Wed Nov 02 19:56:01 MDT 2022] - INFO client.Client: 	Connecting to server
[Wed Nov 02 19:56:01 MDT 2022] - INFO client.Client: 	Connected to server
[Wed Nov 02 19:56:01 MDT 2022] - INFO client.Client: 	Opening output stream to server
[Wed Nov 02 19:56:01 MDT 2022] - INFO client.Client: 	Writing passoffrequest to server output stream
[Wed Nov 02 19:56:01 MDT 2022] - INFO client.Client: 	Request written to server output stream
[Wed Nov 02 19:56:01 MDT 2022] - INFO client.Client: 	Closing output stream to server
[Wed Nov 02 19:56:01 MDT 2022] - INFO client.Client: 	Output stream to server closed
[Wed Nov 02 19:56:01 MDT 2022] - INFO client.Client: 	Getting response code from server
[Wed Nov 02 19:56:01 MDT 2022] - INFO client.Client: 	Response code 200 returned
[Wed Nov 02 19:56:01 MDT 2022] - INFO client.Client: 	Getting input stream from server
[Wed Nov 02 19:56:01 MDT 2022] - INFO client.Client: 	Reading input stream into a string
[Wed Nov 02 19:56:01 MDT 2022] - INFO client.Proxy: 	Persons called
[Wed Nov 02 19:56:01 MDT 2022] - INFO client.Client: 	Get with Auth Token called
[Wed Nov 02 19:56:01 MDT 2022] - INFO client.Client: 	Attempting to open connection to server
[Wed Nov 02 19:56:01 MDT 2022] - INFO client.Client: 	Connection opened to server
[Wed Nov 02 19:56:01 MDT 2022] - INFO client.Client: 	Setting passoffrequest method to GET
[Wed Nov 02 19:56:01 MDT 2022] - INFO client.Client: 	Request method set to GET
[Wed Nov 02 19:56:01 MDT 2022] - INFO client.Client: 	Setting Do Output to false
[Wed Nov 02 19:56:01 MDT 2022] - INFO client.Client: 	Do Output set to false
[Wed Nov 02 19:56:01 MDT 2022] - INFO client.Client: 	Adding Auth token 6519773a-0c2a-48cd-b671-49643de5b5a5
[Wed Nov 02 19:56:01 MDT 2022] - INFO client.Client: 	Auth token set to 6519773a-0c2a-48cd-b671-49643de5b5a5
[Wed Nov 02 19:56:01 MDT 2022] - INFO client.Client: 	Connecting to server
[Wed Nov 02 19:56:01 MDT 2022] - INFO client.Client: 	Connected to server
[Wed Nov 02 19:56:01 MDT 2022] - INFO client.Client: 	Getting response code from server
[Wed Nov 02 19:56:01 MDT 2022] - INFO client.Client: 	Response code 200 returned
[Wed Nov 02 19:56:01 MDT 2022] - INFO client.Client: 	Getting input stream from server
[Wed Nov 02 19:56:01 MDT 2022] - INFO client.Client: 	Reading input stream into a string
[Wed Nov 02 19:56:01 MDT 2022] - INFO client.Proxy: 	Events called
[Wed Nov 02 19:56:01 MDT 2022] - INFO client.Client: 	Get with Auth Token called
[Wed Nov 02 19:56:01 MDT 2022] - INFO client.Client: 	Attempting to open connection to server
[Wed Nov 02 19:56:01 MDT 2022] - INFO client.Client: 	Connection opened to server
[Wed Nov 02 19:56:01 MDT 2022] - INFO client.Client: 	Setting passoffrequest method to GET
[Wed Nov 02 19:56:01 MDT 2022] - INFO client.Client: 	Request method set to GET
[Wed Nov 02 19:56:01 MDT 2022] - INFO client.Client: 	Setting Do Output to false
[Wed Nov 02 19:56:01 MDT 2022] - INFO client.Client: 	Do Output set to false
[Wed Nov 02 19:56:01 MDT 2022] - INFO client.Client: 	Adding Auth token 6519773a-0c2a-48cd-b671-49643de5b5a5
[Wed Nov 02 19:56:01 MDT 2022] - INFO client.Client: 	Auth token set to 6519773a-0c2a-48cd-b671-49643de5b5a5
[Wed Nov 02 19:56:01 MDT 2022] - INFO client.Client: 	Connecting to server
[Wed Nov 02 19:56:01 MDT 2022] - INFO client.Client: 	Connected to server
[Wed Nov 02 19:56:01 MDT 2022] - INFO client.Client: 	Getting response code from server
[Wed Nov 02 19:56:01 MDT 2022] - INFO client.Client: 	Response code 400 returned
[Wed Nov 02 19:56:01 MDT 2022] - INFO client.Client: 	Getting input stream from server
[Wed Nov 02 19:56:01 MDT 2022] - INFO client.Client: 	Reading input stream into a string
[Wed Nov 02 19:56:01 MDT 2022] - INFO passoff.ServerTest: 	Setting up Login Invalid User Test...
[Wed Nov 02 19:56:01 MDT 2022] - INFO client.Proxy: 	Clear called
[Wed Nov 02 19:56:01 MDT 2022] - INFO client.Client: 	Post without Request Body called
[Wed Nov 02 19:56:01 MDT 2022] - INFO client.Client: 	Attempting to open connection to server
[Wed Nov 02 19:56:01 MDT 2022] - INFO client.Client: 	Connection opened to server
[Wed Nov 02 19:56:01 MDT 2022] - INFO client.Client: 	Setting passoffrequest method to POST
[Wed Nov 02 19:56:01 MDT 2022] - INFO client.Client: 	Request method set to POST
[Wed Nov 02 19:56:01 MDT 2022] - INFO client.Client: 	Setting Do Output to true
[Wed Nov 02 19:56:01 MDT 2022] - INFO client.Client: 	Do Output set to true
[Wed Nov 02 19:56:01 MDT 2022] - INFO client.Client: 	Connecting to server
[Wed Nov 02 19:56:01 MDT 2022] - INFO client.Client: 	Connected to server
[Wed Nov 02 19:56:01 MDT 2022] - INFO client.Client: 	Getting response code from server
[Wed Nov 02 19:56:01 MDT 2022] - INFO client.Client: 	Response code 200 returned
[Wed Nov 02 19:56:01 MDT 2022] - INFO client.Client: 	Getting input stream from server
[Wed Nov 02 19:56:01 MDT 2022] - INFO client.Client: 	Reading input stream into a string
[Wed Nov 02 19:56:01 MDT 2022] - INFO passoff.ServerTest: 	Running Login Invalid User Test...
[Wed Nov 02 19:56:01 MDT 2022] - INFO client.Proxy: 	Register called
[Wed Nov 02 19:56:01 MDT 2022] - INFO client.Client: 	Post with Request Body called
[Wed Nov 02 19:56:01 MDT 2022] - INFO client.Client: 	Attempting to open connection to server
[Wed Nov 02 19:56:01 MDT 2022] - INFO client.Client: 	Connection opened to server
[Wed Nov 02 19:56:01 MDT 2022] - INFO client.Client: 	Setting passoffrequest method to POST
[Wed Nov 02 19:56:01 MDT 2022] - INFO client.Client: 	Request method set to POST
[Wed Nov 02 19:56:01 MDT 2022] - INFO client.Client: 	Setting Do Output to true
[Wed Nov 02 19:56:01 MDT 2022] - INFO client.Client: 	Do Output set to true
[Wed Nov 02 19:56:01 MDT 2022] - INFO client.Client: 	Connecting to server
[Wed Nov 02 19:56:01 MDT 2022] - INFO client.Client: 	Connected to server
[Wed Nov 02 19:56:01 MDT 2022] - INFO client.Client: 	Opening output stream to server
[Wed Nov 02 19:56:01 MDT 2022] - INFO client.Client: 	Writing passoffrequest to server output stream
[Wed Nov 02 19:56:01 MDT 2022] - INFO client.Client: 	Request written to server output stream
[Wed Nov 02 19:56:01 MDT 2022] - INFO client.Client: 	Closing output stream to server
[Wed Nov 02 19:56:01 MDT 2022] - INFO client.Client: 	Output stream to server closed
[Wed Nov 02 19:56:01 MDT 2022] - INFO client.Client: 	Getting response code from server
[Wed Nov 02 19:56:01 MDT 2022] - INFO client.Client: 	Response code 200 returned
[Wed Nov 02 19:56:01 MDT 2022] - INFO client.Client: 	Getting input stream from server
[Wed Nov 02 19:56:01 MDT 2022] - INFO client.Client: 	Reading input stream into a string
[Wed Nov 02 19:56:01 MDT 2022] - INFO client.Proxy: 	Login called
[Wed Nov 02 19:56:01 MDT 2022] - INFO client.Client: 	Post with Request Body called
[Wed Nov 02 19:56:01 MDT 2022] - INFO client.Client: 	Attempting to open connection to server
[Wed Nov 02 19:56:01 MDT 2022] - INFO client.Client: 	Connection opened to server
[Wed Nov 02 19:56:01 MDT 2022] - INFO client.Client: 	Setting passoffrequest method to POST
[Wed Nov 02 19:56:01 MDT 2022] - INFO client.Client: 	Request method set to POST
[Wed Nov 02 19:56:01 MDT 2022] - INFO client.Client: 	Setting Do Output to true
[Wed Nov 02 19:56:01 MDT 2022] - INFO client.Client: 	Do Output set to true
[Wed Nov 02 19:56:01 MDT 2022] - INFO client.Client: 	Connecting to server
[Wed Nov 02 19:56:01 MDT 2022] - INFO client.Client: 	Connected to server
[Wed Nov 02 19:56:01 MDT 2022] - INFO client.Client: 	Opening output stream to server
[Wed Nov 02 19:56:01 MDT 2022] - INFO client.Client: 	Writing passoffrequest to server output stream
[Wed Nov 02 19:56:01 MDT 2022] - INFO client.Client: 	Request written to server output stream
[Wed Nov 02 19:56:01 MDT 2022] - INFO client.Client: 	Closing output stream to server
[Wed Nov 02 19:56:01 MDT 2022] - INFO client.Client: 	Output stream to server closed
[Wed Nov 02 19:56:01 MDT 2022] - INFO client.Client: 	Getting response code from server
[Wed Nov 02 19:56:01 MDT 2022] - INFO client.Client: 	Response code 400 returned
[Wed Nov 02 19:56:01 MDT 2022] - INFO client.Client: 	Getting input stream from server
[Wed Nov 02 19:56:01 MDT 2022] - INFO client.Client: 	Reading input stream into a string
[Wed Nov 02 19:56:01 MDT 2022] - INFO passoff.ServerTest: 	Setting up Load Valid Info Test...
[Wed Nov 02 19:56:01 MDT 2022] - INFO client.Proxy: 	Clear called
[Wed Nov 02 19:56:01 MDT 2022] - INFO client.Client: 	Post without Request Body called
[Wed Nov 02 19:56:01 MDT 2022] - INFO client.Client: 	Attempting to open connection to server
[Wed Nov 02 19:56:01 MDT 2022] - INFO client.Client: 	Connection opened to server
[Wed Nov 02 19:56:01 MDT 2022] - INFO client.Client: 	Setting passoffrequest method to POST
[Wed Nov 02 19:56:01 MDT 2022] - INFO client.Client: 	Request method set to POST
[Wed Nov 02 19:56:01 MDT 2022] - INFO client.Client: 	Setting Do Output to true
[Wed Nov 02 19:56:01 MDT 2022] - INFO client.Client: 	Do Output set to true
[Wed Nov 02 19:56:01 MDT 2022] - INFO client.Client: 	Connecting to server
[Wed Nov 02 19:56:01 MDT 2022] - INFO client.Client: 	Connected to server
[Wed Nov 02 19:56:01 MDT 2022] - INFO client.Client: 	Getting response code from server
[Wed Nov 02 19:56:01 MDT 2022] - INFO client.Client: 	Response code 200 returned
[Wed Nov 02 19:56:01 MDT 2022] - INFO client.Client: 	Getting input stream from server
[Wed Nov 02 19:56:01 MDT 2022] - INFO client.Client: 	Reading input stream into a string
[Wed Nov 02 19:56:01 MDT 2022] - INFO passoff.ServerTest: 	Running Load Valid Info Test...
[Wed Nov 02 19:56:01 MDT 2022] - INFO client.Proxy: 	Load called
[Wed Nov 02 19:56:01 MDT 2022] - INFO client.Client: 	Post with Request Body called
[Wed Nov 02 19:56:01 MDT 2022] - INFO client.Client: 	Attempting to open connection to server
[Wed Nov 02 19:56:01 MDT 2022] - INFO client.Client: 	Connection opened to server
[Wed Nov 02 19:56:01 MDT 2022] - INFO client.Client: 	Setting passoffrequest method to POST
[Wed Nov 02 19:56:01 MDT 2022] - INFO client.Client: 	Request method set to POST
[Wed Nov 02 19:56:01 MDT 2022] - INFO client.Client: 	Setting Do Output to true
[Wed Nov 02 19:56:01 MDT 2022] - INFO client.Client: 	Do Output set to true
[Wed Nov 02 19:56:01 MDT 2022] - INFO client.Client: 	Connecting to server
[Wed Nov 02 19:56:01 MDT 2022] - INFO client.Client: 	Connected to server
[Wed Nov 02 19:56:01 MDT 2022] - INFO client.Client: 	Opening output stream to server
[Wed Nov 02 19:56:01 MDT 2022] - INFO client.Client: 	Writing passoffrequest to server output stream
[Wed Nov 02 19:56:01 MDT 2022] - INFO client.Client: 	Request written to server output stream
[Wed Nov 02 19:56:01 MDT 2022] - INFO client.Client: 	Closing output stream to server
[Wed Nov 02 19:56:01 MDT 2022] - INFO client.Client: 	Output stream to server closed
[Wed Nov 02 19:56:01 MDT 2022] - INFO client.Client: 	Getting response code from server
[Wed Nov 02 19:56:01 MDT 2022] - INFO client.Client: 	Response code 200 returned
[Wed Nov 02 19:56:01 MDT 2022] - INFO client.Client: 	Getting input stream from server
[Wed Nov 02 19:56:01 MDT 2022] - INFO client.Client: 	Reading input stream into a string
[Wed Nov 02 19:56:01 MDT 2022] - INFO client.Proxy: 	Login called
[Wed Nov 02 19:56:01 MDT 2022] - INFO client.Client: 	Post with Request Body called
[Wed Nov 02 19:56:01 MDT 2022] - INFO client.Client: 	Attempting to open connection to server
[Wed Nov 02 19:56:01 MDT 2022] - INFO client.Client: 	Connection opened to server
[Wed Nov 02 19:56:01 MDT 2022] - INFO client.Client: 	Setting passoffrequest method to POST
[Wed Nov 02 19:56:01 MDT 2022] - INFO client.Client: 	Request method set to POST
[Wed Nov 02 19:56:01 MDT 2022] - INFO client.Client: 	Setting Do Output to true
[Wed Nov 02 19:56:01 MDT 2022] - INFO client.Client: 	Do Output set to true
[Wed Nov 02 19:56:01 MDT 2022] - INFO client.Client: 	Connecting to server
[Wed Nov 02 19:56:01 MDT 2022] - INFO client.Client: 	Connected to server
[Wed Nov 02 19:56:01 MDT 2022] - INFO client.Client: 	Opening output stream to server
[Wed Nov 02 19:56:01 MDT 2022] - INFO client.Client: 	Writing passoffrequest to server output stream
[Wed Nov 02 19:56:01 MDT 2022] - INFO client.Client: 	Request written to server output stream
[Wed Nov 02 19:56:01 MDT 2022] - INFO client.Client: 	Closing output stream to server
[Wed Nov 02 19:56:01 MDT 2022] - INFO client.Client: 	Output stream to server closed
[Wed Nov 02 19:56:01 MDT 2022] - INFO client.Client: 	Getting response code from server
[Wed Nov 02 19:56:01 MDT 2022] - INFO client.Client: 	Response code 200 returned
[Wed Nov 02 19:56:01 MDT 2022] - INFO client.Client: 	Getting input stream from server
[Wed Nov 02 19:56:01 MDT 2022] - INFO client.Client: 	Reading input stream into a string
[Wed Nov 02 19:56:01 MDT 2022] - INFO client.Proxy: 	Events called
[Wed Nov 02 19:56:01 MDT 2022] - INFO client.Client: 	Get with Auth Token called
[Wed Nov 02 19:56:01 MDT 2022] - INFO client.Client: 	Attempting to open connection to server
[Wed Nov 02 19:56:01 MDT 2022] - INFO client.Client: 	Connection opened to server
[Wed Nov 02 19:56:01 MDT 2022] - INFO client.Client: 	Setting passoffrequest method to GET
[Wed Nov 02 19:56:01 MDT 2022] - INFO client.Client: 	Request method set to GET
[Wed Nov 02 19:56:01 MDT 2022] - INFO client.Client: 	Setting Do Output to false
[Wed Nov 02 19:56:01 MDT 2022] - INFO client.Client: 	Do Output set to false
[Wed Nov 02 19:56:01 MDT 2022] - INFO client.Client: 	Adding Auth token 35a39ddc-5f3f-4606-8f62-84dc867118c8
[Wed Nov 02 19:56:01 MDT 2022] - INFO client.Client: 	Auth token set to 35a39ddc-5f3f-4606-8f62-84dc867118c8
[Wed Nov 02 19:56:01 MDT 2022] - INFO client.Client: 	Connecting to server
[Wed Nov 02 19:56:01 MDT 2022] - INFO client.Client: 	Connected to server
[Wed Nov 02 19:56:01 MDT 2022] - INFO client.Client: 	Getting response code from server
[Wed Nov 02 19:56:01 MDT 2022] - INFO client.Client: 	Response code 200 returned
[Wed Nov 02 19:56:01 MDT 2022] - INFO client.Client: 	Getting input stream from server
[Wed Nov 02 19:56:01 MDT 2022] - INFO client.Client: 	Reading input stream into a string
[Wed Nov 02 19:56:01 MDT 2022] - INFO client.Proxy: 	Persons called
[Wed Nov 02 19:56:01 MDT 2022] - INFO client.Client: 	Get with Auth Token called
[Wed Nov 02 19:56:01 MDT 2022] - INFO client.Client: 	Attempting to open connection to server
[Wed Nov 02 19:56:01 MDT 2022] - INFO client.Client: 	Connection opened to server
[Wed Nov 02 19:56:01 MDT 2022] - INFO client.Client: 	Setting passoffrequest method to GET
[Wed Nov 02 19:56:01 MDT 2022] - INFO client.Client: 	Request method set to GET
[Wed Nov 02 19:56:01 MDT 2022] - INFO client.Client: 	Setting Do Output to false
[Wed Nov 02 19:56:01 MDT 2022] - INFO client.Client: 	Do Output set to false
[Wed Nov 02 19:56:01 MDT 2022] - INFO client.Client: 	Adding Auth token 35a39ddc-5f3f-4606-8f62-84dc867118c8
[Wed Nov 02 19:56:01 MDT 2022] - INFO client.Client: 	Auth token set to 35a39ddc-5f3f-4606-8f62-84dc867118c8
[Wed Nov 02 19:56:01 MDT 2022] - INFO client.Client: 	Connecting to server
[Wed Nov 02 19:56:01 MDT 2022] - INFO client.Client: 	Connected to server
[Wed Nov 02 19:56:01 MDT 2022] - INFO client.Client: 	Getting response code from server
[Wed Nov 02 19:56:01 MDT 2022] - INFO client.Client: 	Response code 200 returned
[Wed Nov 02 19:56:01 MDT 2022] - INFO client.Client: 	Getting input stream from server
[Wed Nov 02 19:56:01 MDT 2022] - INFO client.Client: 	Reading input stream into a string
[Wed Nov 02 19:56:01 MDT 2022] - INFO passoff.ServerTest: 	Setting up Valid Fill Relationships Test...
[Wed Nov 02 19:56:01 MDT 2022] - INFO client.Proxy: 	Clear called
[Wed Nov 02 19:56:01 MDT 2022] - INFO client.Client: 	Post without Request Body called
[Wed Nov 02 19:56:01 MDT 2022] - INFO client.Client: 	Attempting to open connection to server
[Wed Nov 02 19:56:01 MDT 2022] - INFO client.Client: 	Connection opened to server
[Wed Nov 02 19:56:01 MDT 2022] - INFO client.Client: 	Setting passoffrequest method to POST
[Wed Nov 02 19:56:01 MDT 2022] - INFO client.Client: 	Request method set to POST
[Wed Nov 02 19:56:01 MDT 2022] - INFO client.Client: 	Setting Do Output to true
[Wed Nov 02 19:56:01 MDT 2022] - INFO client.Client: 	Do Output set to true
[Wed Nov 02 19:56:01 MDT 2022] - INFO client.Client: 	Connecting to server
[Wed Nov 02 19:56:01 MDT 2022] - INFO client.Client: 	Connected to server
[Wed Nov 02 19:56:01 MDT 2022] - INFO client.Client: 	Getting response code from server
[Wed Nov 02 19:56:01 MDT 2022] - INFO client.Client: 	Response code 200 returned
[Wed Nov 02 19:56:01 MDT 2022] - INFO client.Client: 	Getting input stream from server
[Wed Nov 02 19:56:01 MDT 2022] - INFO client.Client: 	Reading input stream into a string
[Wed Nov 02 19:56:01 MDT 2022] - INFO passoff.ServerTest: 	Running Valid Fill Relationships Test...
[Wed Nov 02 19:56:01 MDT 2022] - INFO client.Proxy: 	Register called
[Wed Nov 02 19:56:01 MDT 2022] - INFO client.Client: 	Post with Request Body called
[Wed Nov 02 19:56:01 MDT 2022] - INFO client.Client: 	Attempting to open connection to server
[Wed Nov 02 19:56:01 MDT 2022] - INFO client.Client: 	Connection opened to server
[Wed Nov 02 19:56:01 MDT 2022] - INFO client.Client: 	Setting passoffrequest method to POST
[Wed Nov 02 19:56:01 MDT 2022] - INFO client.Client: 	Request method set to POST
[Wed Nov 02 19:56:01 MDT 2022] - INFO client.Client: 	Setting Do Output to true
[Wed Nov 02 19:56:01 MDT 2022] - INFO client.Client: 	Do Output set to true
[Wed Nov 02 19:56:01 MDT 2022] - INFO client.Client: 	Connecting to server
[Wed Nov 02 19:56:01 MDT 2022] - INFO client.Client: 	Connected to server
[Wed Nov 02 19:56:01 MDT 2022] - INFO client.Client: 	Opening output stream to server
[Wed Nov 02 19:56:01 MDT 2022] - INFO client.Client: 	Writing passoffrequest to server output stream
[Wed Nov 02 19:56:01 MDT 2022] - INFO client.Client: 	Request written to server output stream
[Wed Nov 02 19:56:01 MDT 2022] - INFO client.Client: 	Closing output stream to server
[Wed Nov 02 19:56:01 MDT 2022] - INFO client.Client: 	Output stream to server closed
[Wed Nov 02 19:56:01 MDT 2022] - INFO client.Client: 	Getting response code from server
[Wed Nov 02 19:56:01 MDT 2022] - INFO client.Client: 	Response code 200 returned
[Wed Nov 02 19:56:01 MDT 2022] - INFO client.Client: 	Getting input stream from server
[Wed Nov 02 19:56:01 MDT 2022] - INFO client.Client: 	Reading input stream into a string
[Wed Nov 02 19:56:01 MDT 2022] - INFO client.Proxy: 	Persons called
[Wed Nov 02 19:56:01 MDT 2022] - INFO client.Client: 	Get with Auth Token called
[Wed Nov 02 19:56:01 MDT 2022] - INFO client.Client: 	Attempting to open connection to server
[Wed Nov 02 19:56:01 MDT 2022] - INFO client.Client: 	Connection opened to server
[Wed Nov 02 19:56:01 MDT 2022] - INFO client.Client: 	Setting passoffrequest method to GET
[Wed Nov 02 19:56:01 MDT 2022] - INFO client.Client: 	Request method set to GET
[Wed Nov 02 19:56:01 MDT 2022] - INFO client.Client: 	Setting Do Output to false
[Wed Nov 02 19:56:01 MDT 2022] - INFO client.Client: 	Do Output set to false
[Wed Nov 02 19:56:01 MDT 2022] - INFO client.Client: 	Adding Auth token 8af31303-230c-445d-881a-3ce183d45cd2
[Wed Nov 02 19:56:01 MDT 2022] - INFO client.Client: 	Auth token set to 8af31303-230c-445d-881a-3ce183d45cd2
[Wed Nov 02 19:56:01 MDT 2022] - INFO client.Client: 	Connecting to server
[Wed Nov 02 19:56:01 MDT 2022] - INFO client.Client: 	Connected to server
[Wed Nov 02 19:56:01 MDT 2022] - INFO client.Client: 	Getting response code from server
[Wed Nov 02 19:56:01 MDT 2022] - INFO client.Client: 	Response code 200 returned
[Wed Nov 02 19:56:01 MDT 2022] - INFO client.Client: 	Getting input stream from server
[Wed Nov 02 19:56:01 MDT 2022] - INFO client.Client: 	Reading input stream into a string
[Wed Nov 02 19:56:01 MDT 2022] - INFO passoff.ServerTest: 	Setting up Login Invalid Password Test...
[Wed Nov 02 19:56:01 MDT 2022] - INFO client.Proxy: 	Clear called
[Wed Nov 02 19:56:01 MDT 2022] - INFO client.Client: 	Post without Request Body called
[Wed Nov 02 19:56:01 MDT 2022] - INFO client.Client: 	Attempting to open connection to server
[Wed Nov 02 19:56:01 MDT 2022] - INFO client.Client: 	Connection opened to server
[Wed Nov 02 19:56:01 MDT 2022] - INFO client.Client: 	Setting passoffrequest method to POST
[Wed Nov 02 19:56:01 MDT 2022] - INFO client.Client: 	Request method set to POST
[Wed Nov 02 19:56:01 MDT 2022] - INFO client.Client: 	Setting Do Output to true
[Wed Nov 02 19:56:01 MDT 2022] - INFO client.Client: 	Do Output set to true
[Wed Nov 02 19:56:01 MDT 2022] - INFO client.Client: 	Connecting to server
[Wed Nov 02 19:56:01 MDT 2022] - INFO client.Client: 	Connected to server
[Wed Nov 02 19:56:01 MDT 2022] - INFO client.Client: 	Getting response code from server
[Wed Nov 02 19:56:01 MDT 2022] - INFO client.Client: 	Response code 200 returned
[Wed Nov 02 19:56:01 MDT 2022] - INFO client.Client: 	Getting input stream from server
[Wed Nov 02 19:56:01 MDT 2022] - INFO client.Client: 	Reading input stream into a string
[Wed Nov 02 19:56:01 MDT 2022] - INFO passoff.ServerTest: 	Running Login Invalid Password Test...
[Wed Nov 02 19:56:01 MDT 2022] - INFO client.Proxy: 	Register called
[Wed Nov 02 19:56:01 MDT 2022] - INFO client.Client: 	Post with Request Body called
[Wed Nov 02 19:56:01 MDT 2022] - INFO client.Client: 	Attempting to open connection to server
[Wed Nov 02 19:56:01 MDT 2022] - INFO client.Client: 	Connection opened to server
[Wed Nov 02 19:56:01 MDT 2022] - INFO client.Client: 	Setting passoffrequest method to POST
[Wed Nov 02 19:56:01 MDT 2022] - INFO client.Client: 	Request method set to POST
[Wed Nov 02 19:56:01 MDT 2022] - INFO client.Client: 	Setting Do Output to true
[Wed Nov 02 19:56:01 MDT 2022] - INFO client.Client: 	Do Output set to true
[Wed Nov 02 19:56:01 MDT 2022] - INFO client.Client: 	Connecting to server
[Wed Nov 02 19:56:01 MDT 2022] - INFO client.Client: 	Connected to server
[Wed Nov 02 19:56:01 MDT 2022] - INFO client.Client: 	Opening output stream to server
[Wed Nov 02 19:56:01 MDT 2022] - INFO client.Client: 	Writing passoffrequest to server output stream
[Wed Nov 02 19:56:01 MDT 2022] - INFO client.Client: 	Request written to server output stream
[Wed Nov 02 19:56:01 MDT 2022] - INFO client.Client: 	Closing output stream to server
[Wed Nov 02 19:56:01 MDT 2022] - INFO client.Client: 	Output stream to server closed
[Wed Nov 02 19:56:01 MDT 2022] - INFO client.Client: 	Getting response code from server
[Wed Nov 02 19:56:01 MDT 2022] - INFO client.Client: 	Response code 200 returned
[Wed Nov 02 19:56:01 MDT 2022] - INFO client.Client: 	Getting input stream from server
[Wed Nov 02 19:56:01 MDT 2022] - INFO client.Client: 	Reading input stream into a string
[Wed Nov 02 19:56:01 MDT 2022] - INFO client.Proxy: 	Login called
[Wed Nov 02 19:56:01 MDT 2022] - INFO client.Client: 	Post with Request Body called
[Wed Nov 02 19:56:01 MDT 2022] - INFO client.Client: 	Attempting to open connection to server
[Wed Nov 02 19:56:01 MDT 2022] - INFO client.Client: 	Connection opened to server
[Wed Nov 02 19:56:01 MDT 2022] - INFO client.Client: 	Setting passoffrequest method to POST
[Wed Nov 02 19:56:01 MDT 2022] - INFO client.Client: 	Request method set to POST
[Wed Nov 02 19:56:01 MDT 2022] - INFO client.Client: 	Setting Do Output to true
[Wed Nov 02 19:56:01 MDT 2022] - INFO client.Client: 	Do Output set to true
[Wed Nov 02 19:56:01 MDT 2022] - INFO client.Client: 	Connecting to server
[Wed Nov 02 19:56:01 MDT 2022] - INFO client.Client: 	Connected to server
[Wed Nov 02 19:56:01 MDT 2022] - INFO client.Client: 	Opening output stream to server
[Wed Nov 02 19:56:01 MDT 2022] - INFO client.Client: 	Writing passoffrequest to server output stream
[Wed Nov 02 19:56:01 MDT 2022] - INFO client.Client: 	Request written to server output stream
[Wed Nov 02 19:56:01 MDT 2022] - INFO client.Client: 	Closing output stream to server
[Wed Nov 02 19:56:01 MDT 2022] - INFO client.Client: 	Output stream to server closed
[Wed Nov 02 19:56:01 MDT 2022] - INFO client.Client: 	Getting response code from server
[Wed Nov 02 19:56:01 MDT 2022] - INFO client.Client: 	Response code 400 returned
[Wed Nov 02 19:56:01 MDT 2022] - INFO client.Client: 	Getting input stream from server
[Wed Nov 02 19:56:01 MDT 2022] - INFO client.Client: 	Reading input stream into a string
[Wed Nov 02 19:56:01 MDT 2022] - INFO passoff.ServerTest: 	Setting up Events Bad Auth Token Test...
[Wed Nov 02 19:56:01 MDT 2022] - INFO client.Proxy: 	Clear called
[Wed Nov 02 19:56:01 MDT 2022] - INFO client.Client: 	Post without Request Body called
[Wed Nov 02 19:56:01 MDT 2022] - INFO client.Client: 	Attempting to open connection to server
[Wed Nov 02 19:56:01 MDT 2022] - INFO client.Client: 	Connection opened to server
[Wed Nov 02 19:56:01 MDT 2022] - INFO client.Client: 	Setting passoffrequest method to POST
[Wed Nov 02 19:56:01 MDT 2022] - INFO client.Client: 	Request method set to POST
[Wed Nov 02 19:56:01 MDT 2022] - INFO client.Client: 	Setting Do Output to true
[Wed Nov 02 19:56:01 MDT 2022] - INFO client.Client: 	Do Output set to true
[Wed Nov 02 19:56:01 MDT 2022] - INFO client.Client: 	Connecting to server
[Wed Nov 02 19:56:01 MDT 2022] - INFO client.Client: 	Connected to server
[Wed Nov 02 19:56:01 MDT 2022] - INFO client.Client: 	Getting response code from server
[Wed Nov 02 19:56:01 MDT 2022] - INFO client.Client: 	Response code 200 returned
[Wed Nov 02 19:56:01 MDT 2022] - INFO client.Client: 	Getting input stream from server
[Wed Nov 02 19:56:01 MDT 2022] - INFO client.Client: 	Reading input stream into a string
[Wed Nov 02 19:56:01 MDT 2022] - INFO passoff.ServerTest: 	Running Events Bad Auth Token Test...
[Wed Nov 02 19:56:01 MDT 2022] - INFO client.Proxy: 	Register called
[Wed Nov 02 19:56:01 MDT 2022] - INFO client.Client: 	Post with Request Body called
[Wed Nov 02 19:56:01 MDT 2022] - INFO client.Client: 	Attempting to open connection to server
[Wed Nov 02 19:56:01 MDT 2022] - INFO client.Client: 	Connection opened to server
[Wed Nov 02 19:56:01 MDT 2022] - INFO client.Client: 	Setting passoffrequest method to POST
[Wed Nov 02 19:56:01 MDT 2022] - INFO client.Client: 	Request method set to POST
[Wed Nov 02 19:56:01 MDT 2022] - INFO client.Client: 	Setting Do Output to true
[Wed Nov 02 19:56:01 MDT 2022] - INFO client.Client: 	Do Output set to true
[Wed Nov 02 19:56:01 MDT 2022] - INFO client.Client: 	Connecting to server
[Wed Nov 02 19:56:01 MDT 2022] - INFO client.Client: 	Connected to server
[Wed Nov 02 19:56:01 MDT 2022] - INFO client.Client: 	Opening output stream to server
[Wed Nov 02 19:56:01 MDT 2022] - INFO client.Client: 	Writing passoffrequest to server output stream
[Wed Nov 02 19:56:01 MDT 2022] - INFO client.Client: 	Request written to server output stream
[Wed Nov 02 19:56:01 MDT 2022] - INFO client.Client: 	Closing output stream to server
[Wed Nov 02 19:56:01 MDT 2022] - INFO client.Client: 	Output stream to server closed
[Wed Nov 02 19:56:01 MDT 2022] - INFO client.Client: 	Getting response code from server
[Wed Nov 02 19:56:01 MDT 2022] - INFO client.Client: 	Response code 200 returned
[Wed Nov 02 19:56:01 MDT 2022] - INFO client.Client: 	Getting input stream from server
[Wed Nov 02 19:56:01 MDT 2022] - INFO client.Client: 	Reading input stream into a string
[Wed Nov 02 19:56:01 MDT 2022] - INFO client.Proxy: 	Events called
[Wed Nov 02 19:56:01 MDT 2022] - INFO client.Client: 	Get with Auth Token called
[Wed Nov 02 19:56:01 MDT 2022] - INFO client.Client: 	Attempting to open connection to server
[Wed Nov 02 19:56:01 MDT 2022] - INFO client.Client: 	Connection opened to server
[Wed Nov 02 19:56:01 MDT 2022] - INFO client.Client: 	Setting passoffrequest method to GET
[Wed Nov 02 19:56:01 MDT 2022] - INFO client.Client: 	Request method set to GET
[Wed Nov 02 19:56:01 MDT 2022] - INFO client.Client: 	Setting Do Output to false
[Wed Nov 02 19:56:01 MDT 2022] - INFO client.Client: 	Do Output set to false
[Wed Nov 02 19:56:01 MDT 2022] - INFO client.Client: 	Adding Auth token bad auth
[Wed Nov 02 19:56:01 MDT 2022] - INFO client.Client: 	Auth token set to bad auth
[Wed Nov 02 19:56:01 MDT 2022] - INFO client.Client: 	Connecting to server
[Wed Nov 02 19:56:01 MDT 2022] - INFO client.Client: 	Connected to server
[Wed Nov 02 19:56:01 MDT 2022] - INFO client.Client: 	Getting response code from server
[Wed Nov 02 19:56:01 MDT 2022] - INFO client.Client: 	Response code 400 returned
[Wed Nov 02 19:56:01 MDT 2022] - INFO client.Client: 	Getting input stream from server
[Wed Nov 02 19:56:01 MDT 2022] - INFO client.Client: 	Reading input stream into a string
[Wed Nov 02 19:56:01 MDT 2022] - INFO passoff.ServerTest: 	Setting up Clear Test...
[Wed Nov 02 19:56:01 MDT 2022] - INFO client.Proxy: 	Clear called
[Wed Nov 02 19:56:01 MDT 2022] - INFO client.Client: 	Post without Request Body called
[Wed Nov 02 19:56:01 MDT 2022] - INFO client.Client: 	Attempting to open connection to server
[Wed Nov 02 19:56:01 MDT 2022] - INFO client.Client: 	Connection opened to server
[Wed Nov 02 19:56:01 MDT 2022] - INFO client.Client: 	Setting passoffrequest method to POST
[Wed Nov 02 19:56:01 MDT 2022] - INFO client.Client: 	Request method set to POST
[Wed Nov 02 19:56:01 MDT 2022] - INFO client.Client: 	Setting Do Output to true
[Wed Nov 02 19:56:01 MDT 2022] - INFO client.Client: 	Do Output set to true
[Wed Nov 02 19:56:01 MDT 2022] - INFO client.Client: 	Connecting to server
[Wed Nov 02 19:56:01 MDT 2022] - INFO client.Client: 	Connected to server
[Wed Nov 02 19:56:01 MDT 2022] - INFO client.Client: 	Getting response code from server
[Wed Nov 02 19:56:01 MDT 2022] - INFO client.Client: 	Response code 200 returned
[Wed Nov 02 19:56:01 MDT 2022] - INFO client.Client: 	Getting input stream from server
[Wed Nov 02 19:56:01 MDT 2022] - INFO client.Client: 	Reading input stream into a string
[Wed Nov 02 19:56:01 MDT 2022] - INFO passoff.ServerTest: 	Running Clear Test...
[Wed Nov 02 19:56:01 MDT 2022] - INFO client.Proxy: 	Load called
[Wed Nov 02 19:56:01 MDT 2022] - INFO client.Client: 	Post with Request Body called
[Wed Nov 02 19:56:01 MDT 2022] - INFO client.Client: 	Attempting to open connection to server
[Wed Nov 02 19:56:01 MDT 2022] - INFO client.Client: 	Connection opened to server
[Wed Nov 02 19:56:01 MDT 2022] - INFO client.Client: 	Setting passoffrequest method to POST
[Wed Nov 02 19:56:01 MDT 2022] - INFO client.Client: 	Request method set to POST
[Wed Nov 02 19:56:01 MDT 2022] - INFO client.Client: 	Setting Do Output to true
[Wed Nov 02 19:56:01 MDT 2022] - INFO client.Client: 	Do Output set to true
[Wed Nov 02 19:56:01 MDT 2022] - INFO client.Client: 	Connecting to server
[Wed Nov 02 19:56:01 MDT 2022] - INFO client.Client: 	Connected to server
[Wed Nov 02 19:56:01 MDT 2022] - INFO client.Client: 	Opening output stream to server
[Wed Nov 02 19:56:01 MDT 2022] - INFO client.Client: 	Writing passoffrequest to server output stream
[Wed Nov 02 19:56:01 MDT 2022] - INFO client.Client: 	Request written to server output stream
[Wed Nov 02 19:56:01 MDT 2022] - INFO client.Client: 	Closing output stream to server
[Wed Nov 02 19:56:01 MDT 2022] - INFO client.Client: 	Output stream to server closed
[Wed Nov 02 19:56:01 MDT 2022] - INFO client.Client: 	Getting response code from server
[Wed Nov 02 19:56:01 MDT 2022] - INFO client.Client: 	Response code 200 returned
[Wed Nov 02 19:56:01 MDT 2022] - INFO client.Client: 	Getting input stream from server
[Wed Nov 02 19:56:01 MDT 2022] - INFO client.Client: 	Reading input stream into a string
[Wed Nov 02 19:56:01 MDT 2022] - INFO client.Proxy: 	Login called
[Wed Nov 02 19:56:01 MDT 2022] - INFO client.Client: 	Post with Request Body called
[Wed Nov 02 19:56:01 MDT 2022] - INFO client.Client: 	Attempting to open connection to server
[Wed Nov 02 19:56:01 MDT 2022] - INFO client.Client: 	Connection opened to server
[Wed Nov 02 19:56:01 MDT 2022] - INFO client.Client: 	Setting passoffrequest method to POST
[Wed Nov 02 19:56:01 MDT 2022] - INFO client.Client: 	Request method set to POST
[Wed Nov 02 19:56:01 MDT 2022] - INFO client.Client: 	Setting Do Output to true
[Wed Nov 02 19:56:01 MDT 2022] - INFO client.Client: 	Do Output set to true
[Wed Nov 02 19:56:01 MDT 2022] - INFO client.Client: 	Connecting to server
[Wed Nov 02 19:56:01 MDT 2022] - INFO client.Client: 	Connected to server
[Wed Nov 02 19:56:01 MDT 2022] - INFO client.Client: 	Opening output stream to server
[Wed Nov 02 19:56:01 MDT 2022] - INFO client.Client: 	Writing passoffrequest to server output stream
[Wed Nov 02 19:56:01 MDT 2022] - INFO client.Client: 	Request written to server output stream
[Wed Nov 02 19:56:01 MDT 2022] - INFO client.Client: 	Closing output stream to server
[Wed Nov 02 19:56:01 MDT 2022] - INFO client.Client: 	Output stream to server closed
[Wed Nov 02 19:56:01 MDT 2022] - INFO client.Client: 	Getting response code from server
[Wed Nov 02 19:56:01 MDT 2022] - INFO client.Client: 	Response code 200 returned
[Wed Nov 02 19:56:01 MDT 2022] - INFO client.Client: 	Getting input stream from server
[Wed Nov 02 19:56:01 MDT 2022] - INFO client.Client: 	Reading input stream into a string
[Wed Nov 02 19:56:01 MDT 2022] - INFO client.Proxy: 	Clear called
[Wed Nov 02 19:56:01 MDT 2022] - INFO client.Client: 	Post without Request Body called
[Wed Nov 02 19:56:01 MDT 2022] - INFO client.Client: 	Attempting to open connection to server
[Wed Nov 02 19:56:01 MDT 2022] - INFO client.Client: 	Connection opened to server
[Wed Nov 02 19:56:01 MDT 2022] - INFO client.Client: 	Setting passoffrequest method to POST
[Wed Nov 02 19:56:01 MDT 2022] - INFO client.Client: 	Request method set to POST
[Wed Nov 02 19:56:01 MDT 2022] - INFO client.Client: 	Setting Do Output to true
[Wed Nov 02 19:56:01 MDT 2022] - INFO client.Client: 	Do Output set to true
[Wed Nov 02 19:56:01 MDT 2022] - INFO client.Client: 	Connecting to server
[Wed Nov 02 19:56:01 MDT 2022] - INFO client.Client: 	Connected to server
[Wed Nov 02 19:56:01 MDT 2022] - INFO client.Client: 	Getting response code from server
[Wed Nov 02 19:56:01 MDT 2022] - INFO client.Client: 	Response code 200 returned
[Wed Nov 02 19:56:01 MDT 2022] - INFO client.Client: 	Getting input stream from server
[Wed Nov 02 19:56:01 MDT 2022] - INFO client.Client: 	Reading input stream into a string
[Wed Nov 02 19:56:01 MDT 2022] - INFO passoff.ServerTest: 	Setting up Event Bad Auth Token Test...
[Wed Nov 02 19:56:01 MDT 2022] - INFO client.Proxy: 	Clear called
[Wed Nov 02 19:56:01 MDT 2022] - INFO client.Client: 	Post without Request Body called
[Wed Nov 02 19:56:01 MDT 2022] - INFO client.Client: 	Attempting to open connection to server
[Wed Nov 02 19:56:01 MDT 2022] - INFO client.Client: 	Connection opened to server
[Wed Nov 02 19:56:01 MDT 2022] - INFO client.Client: 	Setting passoffrequest method to POST
[Wed Nov 02 19:56:01 MDT 2022] - INFO client.Client: 	Request method set to POST
[Wed Nov 02 19:56:01 MDT 2022] - INFO client.Client: 	Setting Do Output to true
[Wed Nov 02 19:56:01 MDT 2022] - INFO client.Client: 	Do Output set to true
[Wed Nov 02 19:56:01 MDT 2022] - INFO client.Client: 	Connecting to server
[Wed Nov 02 19:56:01 MDT 2022] - INFO client.Client: 	Connected to server
[Wed Nov 02 19:56:01 MDT 2022] - INFO client.Client: 	Getting response code from server
[Wed Nov 02 19:56:01 MDT 2022] - INFO client.Client: 	Response code 200 returned
[Wed Nov 02 19:56:01 MDT 2022] - INFO client.Client: 	Getting input stream from server
[Wed Nov 02 19:56:01 MDT 2022] - INFO client.Client: 	Reading input stream into a string
[Wed Nov 02 19:56:01 MDT 2022] - INFO passoff.ServerTest: 	Running Event Bad Auth Token Test...
[Wed Nov 02 19:56:01 MDT 2022] - INFO client.Proxy: 	Load called
[Wed Nov 02 19:56:02 MDT 2022] - INFO client.Client: 	Post with Request Body called
[Wed Nov 02 19:56:02 MDT 2022] - INFO client.Client: 	Attempting to open connection to server
[Wed Nov 02 19:56:02 MDT 2022] - INFO client.Client: 	Connection opened to server
[Wed Nov 02 19:56:02 MDT 2022] - INFO client.Client: 	Setting passoffrequest method to POST
[Wed Nov 02 19:56:02 MDT 2022] - INFO client.Client: 	Request method set to POST
[Wed Nov 02 19:56:02 MDT 2022] - INFO client.Client: 	Setting Do Output to true
[Wed Nov 02 19:56:02 MDT 2022] - INFO client.Client: 	Do Output set to true
[Wed Nov 02 19:56:02 MDT 2022] - INFO client.Client: 	Connecting to server
[Wed Nov 02 19:56:02 MDT 2022] - INFO client.Client: 	Connected to server
[Wed Nov 02 19:56:02 MDT 2022] - INFO client.Client: 	Opening output stream to server
[Wed Nov 02 19:56:02 MDT 2022] - INFO client.Client: 	Writing passoffrequest to server output stream
[Wed Nov 02 19:56:02 MDT 2022] - INFO client.Client: 	Request written to server output stream
[Wed Nov 02 19:56:02 MDT 2022] - INFO client.Client: 	Closing output stream to server
[Wed Nov 02 19:56:02 MDT 2022] - INFO client.Client: 	Output stream to server closed
[Wed Nov 02 19:56:02 MDT 2022] - INFO client.Client: 	Getting response code from server
[Wed Nov 02 19:56:02 MDT 2022] - INFO client.Client: 	Response code 200 returned
[Wed Nov 02 19:56:02 MDT 2022] - INFO client.Client: 	Getting input stream from server
[Wed Nov 02 19:56:02 MDT 2022] - INFO client.Client: 	Reading input stream into a string
[Wed Nov 02 19:56:02 MDT 2022] - INFO client.Proxy: 	Event called
[Wed Nov 02 19:56:02 MDT 2022] - INFO client.Client: 	Get with Auth Token called
[Wed Nov 02 19:56:02 MDT 2022] - INFO client.Client: 	Attempting to open connection to server
[Wed Nov 02 19:56:02 MDT 2022] - INFO client.Client: 	Connection opened to server
[Wed Nov 02 19:56:02 MDT 2022] - INFO client.Client: 	Setting passoffrequest method to GET
[Wed Nov 02 19:56:02 MDT 2022] - INFO client.Client: 	Request method set to GET
[Wed Nov 02 19:56:02 MDT 2022] - INFO client.Client: 	Setting Do Output to false
[Wed Nov 02 19:56:02 MDT 2022] - INFO client.Client: 	Do Output set to false
[Wed Nov 02 19:56:02 MDT 2022] - INFO client.Client: 	Adding Auth token bad auth
[Wed Nov 02 19:56:02 MDT 2022] - INFO client.Client: 	Auth token set to bad auth
[Wed Nov 02 19:56:02 MDT 2022] - INFO client.Client: 	Connecting to server
[Wed Nov 02 19:56:02 MDT 2022] - INFO client.Client: 	Connected to server
[Wed Nov 02 19:56:02 MDT 2022] - INFO client.Client: 	Getting response code from server
[Wed Nov 02 19:56:02 MDT 2022] - INFO client.Client: 	Response code 400 returned
[Wed Nov 02 19:56:02 MDT 2022] - INFO client.Client: 	Getting input stream from server
[Wed Nov 02 19:56:02 MDT 2022] - INFO client.Client: 	Reading input stream into a string
[Wed Nov 02 19:56:02 MDT 2022] - INFO passoff.ServerTest: 	Setting up Realistic Fill Marriage Test...
[Wed Nov 02 19:56:02 MDT 2022] - INFO client.Proxy: 	Clear called
[Wed Nov 02 19:56:02 MDT 2022] - INFO client.Client: 	Post without Request Body called
[Wed Nov 02 19:56:02 MDT 2022] - INFO client.Client: 	Attempting to open connection to server
[Wed Nov 02 19:56:02 MDT 2022] - INFO client.Client: 	Connection opened to server
[Wed Nov 02 19:56:02 MDT 2022] - INFO client.Client: 	Setting passoffrequest method to POST
[Wed Nov 02 19:56:02 MDT 2022] - INFO client.Client: 	Request method set to POST
[Wed Nov 02 19:56:02 MDT 2022] - INFO client.Client: 	Setting Do Output to true
[Wed Nov 02 19:56:02 MDT 2022] - INFO client.Client: 	Do Output set to true
[Wed Nov 02 19:56:02 MDT 2022] - INFO client.Client: 	Connecting to server
[Wed Nov 02 19:56:02 MDT 2022] - INFO client.Client: 	Connected to server
[Wed Nov 02 19:56:02 MDT 2022] - INFO client.Client: 	Getting response code from server
[Wed Nov 02 19:56:02 MDT 2022] - INFO client.Client: 	Response code 200 returned
[Wed Nov 02 19:56:02 MDT 2022] - INFO client.Client: 	Getting input stream from server
[Wed Nov 02 19:56:02 MDT 2022] - INFO client.Client: 	Reading input stream into a string
[Wed Nov 02 19:56:02 MDT 2022] - INFO passoff.ServerTest: 	Running Realistic Fill Marriage Test...
[Wed Nov 02 19:56:02 MDT 2022] - INFO client.Proxy: 	Register called
[Wed Nov 02 19:56:02 MDT 2022] - INFO client.Client: 	Post with Request Body called
[Wed Nov 02 19:56:02 MDT 2022] - INFO client.Client: 	Attempting to open connection to server
[Wed Nov 02 19:56:02 MDT 2022] - INFO client.Client: 	Connection opened to server
[Wed Nov 02 19:56:02 MDT 2022] - INFO client.Client: 	Setting passoffrequest method to POST
[Wed Nov 02 19:56:02 MDT 2022] - INFO client.Client: 	Request method set to POST
[Wed Nov 02 19:56:02 MDT 2022] - INFO client.Client: 	Setting Do Output to true
[Wed Nov 02 19:56:02 MDT 2022] - INFO client.Client: 	Do Output set to true
[Wed Nov 02 19:56:02 MDT 2022] - INFO client.Client: 	Connecting to server
[Wed Nov 02 19:56:02 MDT 2022] - INFO client.Client: 	Connected to server
[Wed Nov 02 19:56:02 MDT 2022] - INFO client.Client: 	Opening output stream to server
[Wed Nov 02 19:56:02 MDT 2022] - INFO client.Client: 	Writing passoffrequest to server output stream
[Wed Nov 02 19:56:02 MDT 2022] - INFO client.Client: 	Request written to server output stream
[Wed Nov 02 19:56:02 MDT 2022] - INFO client.Client: 	Closing output stream to server
[Wed Nov 02 19:56:02 MDT 2022] - INFO client.Client: 	Output stream to server closed
[Wed Nov 02 19:56:02 MDT 2022] - INFO client.Client: 	Getting response code from server
[Wed Nov 02 19:56:02 MDT 2022] - INFO client.Client: 	Response code 200 returned
[Wed Nov 02 19:56:02 MDT 2022] - INFO client.Client: 	Getting input stream from server
[Wed Nov 02 19:56:02 MDT 2022] - INFO client.Client: 	Reading input stream into a string
[Wed Nov 02 19:56:02 MDT 2022] - INFO client.Proxy: 	Persons called
[Wed Nov 02 19:56:02 MDT 2022] - INFO client.Client: 	Get with Auth Token called
[Wed Nov 02 19:56:02 MDT 2022] - INFO client.Client: 	Attempting to open connection to server
[Wed Nov 02 19:56:02 MDT 2022] - INFO client.Client: 	Connection opened to server
[Wed Nov 02 19:56:02 MDT 2022] - INFO client.Client: 	Setting passoffrequest method to GET
[Wed Nov 02 19:56:02 MDT 2022] - INFO client.Client: 	Request method set to GET
[Wed Nov 02 19:56:02 MDT 2022] - INFO client.Client: 	Setting Do Output to false
[Wed Nov 02 19:56:02 MDT 2022] - INFO client.Client: 	Do Output set to false
[Wed Nov 02 19:56:02 MDT 2022] - INFO client.Client: 	Adding Auth token 9c551f8c-7f5a-42e5-b975-b5d34fae90d9
[Wed Nov 02 19:56:02 MDT 2022] - INFO client.Client: 	Auth token set to 9c551f8c-7f5a-42e5-b975-b5d34fae90d9
[Wed Nov 02 19:56:02 MDT 2022] - INFO client.Client: 	Connecting to server
[Wed Nov 02 19:56:02 MDT 2022] - INFO client.Client: 	Connected to server
[Wed Nov 02 19:56:02 MDT 2022] - INFO client.Client: 	Getting response code from server
[Wed Nov 02 19:56:02 MDT 2022] - INFO client.Client: 	Response code 200 returned
[Wed Nov 02 19:56:02 MDT 2022] - INFO client.Client: 	Getting input stream from server
[Wed Nov 02 19:56:02 MDT 2022] - INFO client.Client: 	Reading input stream into a string
[Wed Nov 02 19:56:02 MDT 2022] - INFO client.Proxy: 	Events called
[Wed Nov 02 19:56:02 MDT 2022] - INFO client.Client: 	Get with Auth Token called
[Wed Nov 02 19:56:02 MDT 2022] - INFO client.Client: 	Attempting to open connection to server
[Wed Nov 02 19:56:02 MDT 2022] - INFO client.Client: 	Connection opened to server
[Wed Nov 02 19:56:02 MDT 2022] - INFO client.Client: 	Setting passoffrequest method to GET
[Wed Nov 02 19:56:02 MDT 2022] - INFO client.Client: 	Request method set to GET
[Wed Nov 02 19:56:02 MDT 2022] - INFO client.Client: 	Setting Do Output to false
[Wed Nov 02 19:56:02 MDT 2022] - INFO client.Client: 	Do Output set to false
[Wed Nov 02 19:56:02 MDT 2022] - INFO client.Client: 	Adding Auth token 9c551f8c-7f5a-42e5-b975-b5d34fae90d9
[Wed Nov 02 19:56:02 MDT 2022] - INFO client.Client: 	Auth token set to 9c551f8c-7f5a-42e5-b975-b5d34fae90d9
[Wed Nov 02 19:56:02 MDT 2022] - INFO client.Client: 	Connecting to server
[Wed Nov 02 19:56:02 MDT 2022] - INFO client.Client: 	Connected to server
[Wed Nov 02 19:56:02 MDT 2022] - INFO client.Client: 	Getting response code from server
[Wed Nov 02 19:56:02 MDT 2022] - INFO client.Client: 	Response code 400 returned
[Wed Nov 02 19:56:02 MDT 2022] - INFO client.Client: 	Getting input stream from server
[Wed Nov 02 19:56:02 MDT 2022] - INFO client.Client: 	Reading input stream into a string
[Wed Nov 02 19:56:02 MDT 2022] - INFO passoff.ServerTest: 	Setting up Person Wrong User Test...
[Wed Nov 02 19:56:02 MDT 2022] - INFO client.Proxy: 	Clear called
[Wed Nov 02 19:56:02 MDT 2022] - INFO client.Client: 	Post without Request Body called
[Wed Nov 02 19:56:02 MDT 2022] - INFO client.Client: 	Attempting to open connection to server
[Wed Nov 02 19:56:02 MDT 2022] - INFO client.Client: 	Connection opened to server
[Wed Nov 02 19:56:02 MDT 2022] - INFO client.Client: 	Setting passoffrequest method to POST
[Wed Nov 02 19:56:02 MDT 2022] - INFO client.Client: 	Request method set to POST
[Wed Nov 02 19:56:02 MDT 2022] - INFO client.Client: 	Setting Do Output to true
[Wed Nov 02 19:56:02 MDT 2022] - INFO client.Client: 	Do Output set to true
[Wed Nov 02 19:56:02 MDT 2022] - INFO client.Client: 	Connecting to server
[Wed Nov 02 19:56:02 MDT 2022] - INFO client.Client: 	Connected to server
[Wed Nov 02 19:56:02 MDT 2022] - INFO client.Client: 	Getting response code from server
[Wed Nov 02 19:56:02 MDT 2022] - INFO client.Client: 	Response code 200 returned
[Wed Nov 02 19:56:02 MDT 2022] - INFO client.Client: 	Getting input stream from server
[Wed Nov 02 19:56:02 MDT 2022] - INFO client.Client: 	Reading input stream into a string
[Wed Nov 02 19:56:02 MDT 2022] - INFO passoff.ServerTest: 	Running Person Wrong User Test...
[Wed Nov 02 19:56:02 MDT 2022] - INFO client.Proxy: 	Load called
[Wed Nov 02 19:56:02 MDT 2022] - INFO client.Client: 	Post with Request Body called
[Wed Nov 02 19:56:02 MDT 2022] - INFO client.Client: 	Attempting to open connection to server
[Wed Nov 02 19:56:02 MDT 2022] - INFO client.Client: 	Connection opened to server
[Wed Nov 02 19:56:02 MDT 2022] - INFO client.Client: 	Setting passoffrequest method to POST
[Wed Nov 02 19:56:02 MDT 2022] - INFO client.Client: 	Request method set to POST
[Wed Nov 02 19:56:02 MDT 2022] - INFO client.Client: 	Setting Do Output to true
[Wed Nov 02 19:56:02 MDT 2022] - INFO client.Client: 	Do Output set to true
[Wed Nov 02 19:56:02 MDT 2022] - INFO client.Client: 	Connecting to server
[Wed Nov 02 19:56:02 MDT 2022] - INFO client.Client: 	Connected to server
[Wed Nov 02 19:56:02 MDT 2022] - INFO client.Client: 	Opening output stream to server
[Wed Nov 02 19:56:02 MDT 2022] - INFO client.Client: 	Writing passoffrequest to server output stream
[Wed Nov 02 19:56:02 MDT 2022] - INFO client.Client: 	Request written to server output stream
[Wed Nov 02 19:56:02 MDT 2022] - INFO client.Client: 	Closing output stream to server
[Wed Nov 02 19:56:02 MDT 2022] - INFO client.Client: 	Output stream to server closed
[Wed Nov 02 19:56:02 MDT 2022] - INFO client.Client: 	Getting response code from server
[Wed Nov 02 19:56:02 MDT 2022] - INFO client.Client: 	Response code 200 returned
[Wed Nov 02 19:56:02 MDT 2022] - INFO client.Client: 	Getting input stream from server
[Wed Nov 02 19:56:02 MDT 2022] - INFO client.Client: 	Reading input stream into a string
[Wed Nov 02 19:56:02 MDT 2022] - INFO client.Proxy: 	Login called
[Wed Nov 02 19:56:02 MDT 2022] - INFO client.Client: 	Post with Request Body called
[Wed Nov 02 19:56:02 MDT 2022] - INFO client.Client: 	Attempting to open connection to server
[Wed Nov 02 19:56:02 MDT 2022] - INFO client.Client: 	Connection opened to server
[Wed Nov 02 19:56:02 MDT 2022] - INFO client.Client: 	Setting passoffrequest method to POST
[Wed Nov 02 19:56:02 MDT 2022] - INFO client.Client: 	Request method set to POST
[Wed Nov 02 19:56:02 MDT 2022] - INFO client.Client: 	Setting Do Output to true
[Wed Nov 02 19:56:02 MDT 2022] - INFO client.Client: 	Do Output set to true
[Wed Nov 02 19:56:02 MDT 2022] - INFO client.Client: 	Connecting to server
[Wed Nov 02 19:56:02 MDT 2022] - INFO client.Client: 	Connected to server
[Wed Nov 02 19:56:02 MDT 2022] - INFO client.Client: 	Opening output stream to server
[Wed Nov 02 19:56:02 MDT 2022] - INFO client.Client: 	Writing passoffrequest to server output stream
[Wed Nov 02 19:56:02 MDT 2022] - INFO client.Client: 	Request written to server output stream
[Wed Nov 02 19:56:02 MDT 2022] - INFO client.Client: 	Closing output stream to server
[Wed Nov 02 19:56:02 MDT 2022] - INFO client.Client: 	Output stream to server closed
[Wed Nov 02 19:56:02 MDT 2022] - INFO client.Client: 	Getting response code from server
[Wed Nov 02 19:56:02 MDT 2022] - INFO client.Client: 	Response code 200 returned
[Wed Nov 02 19:56:02 MDT 2022] - INFO client.Client: 	Getting input stream from server
[Wed Nov 02 19:56:02 MDT 2022] - INFO client.Client: 	Reading input stream into a string
[Wed Nov 02 19:56:02 MDT 2022] - INFO client.Proxy: 	Person called
[Wed Nov 02 19:56:02 MDT 2022] - INFO client.Client: 	Get with Auth Token called
[Wed Nov 02 19:56:02 MDT 2022] - INFO client.Client: 	Attempting to open connection to server
[Wed Nov 02 19:56:02 MDT 2022] - INFO client.Client: 	Connection opened to server
[Wed Nov 02 19:56:02 MDT 2022] - INFO client.Client: 	Setting passoffrequest method to GET
[Wed Nov 02 19:56:02 MDT 2022] - INFO client.Client: 	Request method set to GET
[Wed Nov 02 19:56:02 MDT 2022] - INFO client.Client: 	Setting Do Output to false
[Wed Nov 02 19:56:02 MDT 2022] - INFO client.Client: 	Do Output set to false
[Wed Nov 02 19:56:02 MDT 2022] - INFO client.Client: 	Adding Auth token 0302df8b-2131-41bd-8fc6-730f6491553c
[Wed Nov 02 19:56:02 MDT 2022] - INFO client.Client: 	Auth token set to 0302df8b-2131-41bd-8fc6-730f6491553c
[Wed Nov 02 19:56:02 MDT 2022] - INFO client.Client: 	Connecting to server
[Wed Nov 02 19:56:02 MDT 2022] - INFO client.Client: 	Connected to server
[Wed Nov 02 19:56:02 MDT 2022] - INFO client.Client: 	Getting response code from server
